<?xml version="1.0" encoding="UTF-8"?>
<testsuite xmlns:xsi="http://www.w3.org/2001/XMLSchema-instance" xsi:noNamespaceSchemaLocation="https://maven.apache.org/surefire/maven-surefire-plugin/xsd/surefire-test-report-3.0.xsd" version="3.0" name="com.baden.InstitutionApiIntegrationTest$getMethodTests" time="1.1" tests="4" errors="0" skipped="0" failures="0">
  <properties>
    <property name="java.specification.version" value="17"/>
    <property name="sun.jnu.encoding" value="UTF-8"/>
    <property name="java.class.path" value="/home/baden/Downloads/za-coding-institutions-api/target/test-classes:/home/baden/Downloads/za-coding-institutions-api/target/classes:/home/baden/.m2/repository/org/springframework/boot/spring-boot-starter-data-jpa/3.1.4/spring-boot-starter-data-jpa-3.1.4.jar:/home/baden/.m2/repository/org/springframework/boot/spring-boot-starter-aop/3.1.4/spring-boot-starter-aop-3.1.4.jar:/home/baden/.m2/repository/org/springframework/spring-aop/6.0.12/spring-aop-6.0.12.jar:/home/baden/.m2/repository/org/aspectj/aspectjweaver/1.9.20/aspectjweaver-1.9.20.jar:/home/baden/.m2/repository/org/springframework/boot/spring-boot-starter-jdbc/3.1.4/spring-boot-starter-jdbc-3.1.4.jar:/home/baden/.m2/repository/com/zaxxer/HikariCP/5.0.1/HikariCP-5.0.1.jar:/home/baden/.m2/repository/org/springframework/spring-jdbc/6.0.12/spring-jdbc-6.0.12.jar:/home/baden/.m2/repository/org/hibernate/orm/hibernate-core/6.2.9.Final/hibernate-core-6.2.9.Final.jar:/home/baden/.m2/repository/jakarta/persistence/jakarta.persistence-api/3.1.0/jakarta.persistence-api-3.1.0.jar:/home/baden/.m2/repository/jakarta/transaction/jakarta.transaction-api/2.0.1/jakarta.transaction-api-2.0.1.jar:/home/baden/.m2/repository/org/jboss/logging/jboss-logging/3.5.3.Final/jboss-logging-3.5.3.Final.jar:/home/baden/.m2/repository/org/hibernate/common/hibernate-commons-annotations/6.0.6.Final/hibernate-commons-annotations-6.0.6.Final.jar:/home/baden/.m2/repository/io/smallrye/jandex/3.0.5/jandex-3.0.5.jar:/home/baden/.m2/repository/com/fasterxml/classmate/1.5.1/classmate-1.5.1.jar:/home/baden/.m2/repository/net/bytebuddy/byte-buddy/1.14.8/byte-buddy-1.14.8.jar:/home/baden/.m2/repository/org/glassfish/jaxb/jaxb-runtime/4.0.3/jaxb-runtime-4.0.3.jar:/home/baden/.m2/repository/org/glassfish/jaxb/jaxb-core/4.0.3/jaxb-core-4.0.3.jar:/home/baden/.m2/repository/org/eclipse/angus/angus-activation/2.0.1/angus-activation-2.0.1.jar:/home/baden/.m2/repository/org/glassfish/jaxb/txw2/4.0.3/txw2-4.0.3.jar:/home/baden/.m2/repository/com/sun/istack/istack-commons-runtime/4.1.2/istack-commons-runtime-4.1.2.jar:/home/baden/.m2/repository/jakarta/inject/jakarta.inject-api/2.0.1/jakarta.inject-api-2.0.1.jar:/home/baden/.m2/repository/org/antlr/antlr4-runtime/4.10.1/antlr4-runtime-4.10.1.jar:/home/baden/.m2/repository/org/springframework/data/spring-data-jpa/3.1.4/spring-data-jpa-3.1.4.jar:/home/baden/.m2/repository/org/springframework/data/spring-data-commons/3.1.4/spring-data-commons-3.1.4.jar:/home/baden/.m2/repository/org/springframework/spring-orm/6.0.12/spring-orm-6.0.12.jar:/home/baden/.m2/repository/org/springframework/spring-context/6.0.12/spring-context-6.0.12.jar:/home/baden/.m2/repository/org/springframework/spring-tx/6.0.12/spring-tx-6.0.12.jar:/home/baden/.m2/repository/org/springframework/spring-beans/6.0.12/spring-beans-6.0.12.jar:/home/baden/.m2/repository/jakarta/annotation/jakarta.annotation-api/2.1.1/jakarta.annotation-api-2.1.1.jar:/home/baden/.m2/repository/org/slf4j/slf4j-api/2.0.9/slf4j-api-2.0.9.jar:/home/baden/.m2/repository/org/springframework/spring-aspects/6.0.12/spring-aspects-6.0.12.jar:/home/baden/.m2/repository/org/springframework/boot/spring-boot-starter-web/3.1.4/spring-boot-starter-web-3.1.4.jar:/home/baden/.m2/repository/org/springframework/boot/spring-boot-starter/3.1.4/spring-boot-starter-3.1.4.jar:/home/baden/.m2/repository/org/springframework/boot/spring-boot/3.1.4/spring-boot-3.1.4.jar:/home/baden/.m2/repository/org/springframework/boot/spring-boot-autoconfigure/3.1.4/spring-boot-autoconfigure-3.1.4.jar:/home/baden/.m2/repository/org/springframework/boot/spring-boot-starter-logging/3.1.4/spring-boot-starter-logging-3.1.4.jar:/home/baden/.m2/repository/ch/qos/logback/logback-classic/1.4.11/logback-classic-1.4.11.jar:/home/baden/.m2/repository/ch/qos/logback/logback-core/1.4.11/logback-core-1.4.11.jar:/home/baden/.m2/repository/org/apache/logging/log4j/log4j-to-slf4j/2.20.0/log4j-to-slf4j-2.20.0.jar:/home/baden/.m2/repository/org/apache/logging/log4j/log4j-api/2.20.0/log4j-api-2.20.0.jar:/home/baden/.m2/repository/org/slf4j/jul-to-slf4j/2.0.9/jul-to-slf4j-2.0.9.jar:/home/baden/.m2/repository/org/yaml/snakeyaml/1.33/snakeyaml-1.33.jar:/home/baden/.m2/repository/org/springframework/boot/spring-boot-starter-json/3.1.4/spring-boot-starter-json-3.1.4.jar:/home/baden/.m2/repository/com/fasterxml/jackson/core/jackson-databind/2.15.2/jackson-databind-2.15.2.jar:/home/baden/.m2/repository/com/fasterxml/jackson/core/jackson-annotations/2.15.2/jackson-annotations-2.15.2.jar:/home/baden/.m2/repository/com/fasterxml/jackson/core/jackson-core/2.15.2/jackson-core-2.15.2.jar:/home/baden/.m2/repository/com/fasterxml/jackson/datatype/jackson-datatype-jdk8/2.15.2/jackson-datatype-jdk8-2.15.2.jar:/home/baden/.m2/repository/com/fasterxml/jackson/datatype/jackson-datatype-jsr310/2.15.2/jackson-datatype-jsr310-2.15.2.jar:/home/baden/.m2/repository/com/fasterxml/jackson/module/jackson-module-parameter-names/2.15.2/jackson-module-parameter-names-2.15.2.jar:/home/baden/.m2/repository/org/springframework/boot/spring-boot-starter-tomcat/3.1.4/spring-boot-starter-tomcat-3.1.4.jar:/home/baden/.m2/repository/org/apache/tomcat/embed/tomcat-embed-core/10.1.13/tomcat-embed-core-10.1.13.jar:/home/baden/.m2/repository/org/apache/tomcat/embed/tomcat-embed-el/10.1.13/tomcat-embed-el-10.1.13.jar:/home/baden/.m2/repository/org/apache/tomcat/embed/tomcat-embed-websocket/10.1.13/tomcat-embed-websocket-10.1.13.jar:/home/baden/.m2/repository/org/springframework/spring-web/6.0.12/spring-web-6.0.12.jar:/home/baden/.m2/repository/io/micrometer/micrometer-observation/1.11.4/micrometer-observation-1.11.4.jar:/home/baden/.m2/repository/io/micrometer/micrometer-commons/1.11.4/micrometer-commons-1.11.4.jar:/home/baden/.m2/repository/org/springframework/spring-webmvc/6.0.12/spring-webmvc-6.0.12.jar:/home/baden/.m2/repository/org/springframework/spring-expression/6.0.12/spring-expression-6.0.12.jar:/home/baden/.m2/repository/com/mysql/mysql-connector-j/8.0.33/mysql-connector-j-8.0.33.jar:/home/baden/.m2/repository/org/springframework/boot/spring-boot-starter-test/3.1.4/spring-boot-starter-test-3.1.4.jar:/home/baden/.m2/repository/org/springframework/boot/spring-boot-test/3.1.4/spring-boot-test-3.1.4.jar:/home/baden/.m2/repository/org/springframework/boot/spring-boot-test-autoconfigure/3.1.4/spring-boot-test-autoconfigure-3.1.4.jar:/home/baden/.m2/repository/com/jayway/jsonpath/json-path/2.8.0/json-path-2.8.0.jar:/home/baden/.m2/repository/jakarta/xml/bind/jakarta.xml.bind-api/4.0.1/jakarta.xml.bind-api-4.0.1.jar:/home/baden/.m2/repository/jakarta/activation/jakarta.activation-api/2.1.2/jakarta.activation-api-2.1.2.jar:/home/baden/.m2/repository/net/minidev/json-smart/2.4.11/json-smart-2.4.11.jar:/home/baden/.m2/repository/net/minidev/accessors-smart/2.4.11/accessors-smart-2.4.11.jar:/home/baden/.m2/repository/org/ow2/asm/asm/9.3/asm-9.3.jar:/home/baden/.m2/repository/org/assertj/assertj-core/3.24.2/assertj-core-3.24.2.jar:/home/baden/.m2/repository/org/hamcrest/hamcrest/2.2/hamcrest-2.2.jar:/home/baden/.m2/repository/org/junit/jupiter/junit-jupiter/5.9.3/junit-jupiter-5.9.3.jar:/home/baden/.m2/repository/org/junit/jupiter/junit-jupiter-api/5.9.3/junit-jupiter-api-5.9.3.jar:/home/baden/.m2/repository/org/opentest4j/opentest4j/1.2.0/opentest4j-1.2.0.jar:/home/baden/.m2/repository/org/junit/platform/junit-platform-commons/1.9.3/junit-platform-commons-1.9.3.jar:/home/baden/.m2/repository/org/apiguardian/apiguardian-api/1.1.2/apiguardian-api-1.1.2.jar:/home/baden/.m2/repository/org/junit/jupiter/junit-jupiter-params/5.9.3/junit-jupiter-params-5.9.3.jar:/home/baden/.m2/repository/org/junit/jupiter/junit-jupiter-engine/5.9.3/junit-jupiter-engine-5.9.3.jar:/home/baden/.m2/repository/org/junit/platform/junit-platform-engine/1.9.3/junit-platform-engine-1.9.3.jar:/home/baden/.m2/repository/org/mockito/mockito-core/5.3.1/mockito-core-5.3.1.jar:/home/baden/.m2/repository/net/bytebuddy/byte-buddy-agent/1.14.8/byte-buddy-agent-1.14.8.jar:/home/baden/.m2/repository/org/objenesis/objenesis/3.3/objenesis-3.3.jar:/home/baden/.m2/repository/org/mockito/mockito-junit-jupiter/5.3.1/mockito-junit-jupiter-5.3.1.jar:/home/baden/.m2/repository/org/skyscreamer/jsonassert/1.5.1/jsonassert-1.5.1.jar:/home/baden/.m2/repository/com/vaadin/external/google/android-json/0.0.20131108.vaadin1/android-json-0.0.20131108.vaadin1.jar:/home/baden/.m2/repository/org/springframework/spring-core/6.0.12/spring-core-6.0.12.jar:/home/baden/.m2/repository/org/springframework/spring-jcl/6.0.12/spring-jcl-6.0.12.jar:/home/baden/.m2/repository/org/springframework/spring-test/6.0.12/spring-test-6.0.12.jar:/home/baden/.m2/repository/org/xmlunit/xmlunit-core/2.9.1/xmlunit-core-2.9.1.jar:/home/baden/.m2/repository/org/projectlombok/lombok/1.18.30/lombok-1.18.30.jar:/home/baden/.m2/repository/com/opencsv/opencsv/5.8/opencsv-5.8.jar:/home/baden/.m2/repository/org/apache/commons/commons-lang3/3.12.0/commons-lang3-3.12.0.jar:/home/baden/.m2/repository/org/apache/commons/commons-text/1.10.0/commons-text-1.10.0.jar:/home/baden/.m2/repository/commons-beanutils/commons-beanutils/1.9.4/commons-beanutils-1.9.4.jar:/home/baden/.m2/repository/commons-logging/commons-logging/1.2/commons-logging-1.2.jar:/home/baden/.m2/repository/commons-collections/commons-collections/3.2.2/commons-collections-3.2.2.jar:/home/baden/.m2/repository/org/apache/commons/commons-collections4/4.4/commons-collections4-4.4.jar:/home/baden/.m2/repository/com/h2database/h2/2.2.224/h2-2.2.224.jar:"/>
    <property name="java.vm.vendor" value="Amazon.com Inc."/>
    <property name="sun.arch.data.model" value="64"/>
    <property name="java.vendor.url" value="https://aws.amazon.com/corretto/"/>
    <property name="catalina.useNaming" value="false"/>
    <property name="user.timezone" value="Africa/Johannesburg"/>
    <property name="org.jboss.logging.provider" value="slf4j"/>
    <property name="os.name" value="Linux"/>
    <property name="java.vm.specification.version" value="17"/>
    <property name="sun.java.launcher" value="SUN_STANDARD"/>
    <property name="user.country" value="ZA"/>
    <property name="sun.boot.library.path" value="/home/baden/.sdkman/candidates/java/17.0.7-amzn/lib"/>
    <property name="sun.java.command" value="/home/baden/Downloads/za-coding-institutions-api/target/surefire/surefirebooter-20231029235959030_3.jar /home/baden/Downloads/za-coding-institutions-api/target/surefire 2023-10-29T23-59-58_985-jvmRun1 surefire-20231029235959030_1tmp surefire_0-20231029235959030_2tmp"/>
    <property name="jdk.debug" value="release"/>
    <property name="surefire.test.class.path" value="/home/baden/Downloads/za-coding-institutions-api/target/test-classes:/home/baden/Downloads/za-coding-institutions-api/target/classes:/home/baden/.m2/repository/org/springframework/boot/spring-boot-starter-data-jpa/3.1.4/spring-boot-starter-data-jpa-3.1.4.jar:/home/baden/.m2/repository/org/springframework/boot/spring-boot-starter-aop/3.1.4/spring-boot-starter-aop-3.1.4.jar:/home/baden/.m2/repository/org/springframework/spring-aop/6.0.12/spring-aop-6.0.12.jar:/home/baden/.m2/repository/org/aspectj/aspectjweaver/1.9.20/aspectjweaver-1.9.20.jar:/home/baden/.m2/repository/org/springframework/boot/spring-boot-starter-jdbc/3.1.4/spring-boot-starter-jdbc-3.1.4.jar:/home/baden/.m2/repository/com/zaxxer/HikariCP/5.0.1/HikariCP-5.0.1.jar:/home/baden/.m2/repository/org/springframework/spring-jdbc/6.0.12/spring-jdbc-6.0.12.jar:/home/baden/.m2/repository/org/hibernate/orm/hibernate-core/6.2.9.Final/hibernate-core-6.2.9.Final.jar:/home/baden/.m2/repository/jakarta/persistence/jakarta.persistence-api/3.1.0/jakarta.persistence-api-3.1.0.jar:/home/baden/.m2/repository/jakarta/transaction/jakarta.transaction-api/2.0.1/jakarta.transaction-api-2.0.1.jar:/home/baden/.m2/repository/org/jboss/logging/jboss-logging/3.5.3.Final/jboss-logging-3.5.3.Final.jar:/home/baden/.m2/repository/org/hibernate/common/hibernate-commons-annotations/6.0.6.Final/hibernate-commons-annotations-6.0.6.Final.jar:/home/baden/.m2/repository/io/smallrye/jandex/3.0.5/jandex-3.0.5.jar:/home/baden/.m2/repository/com/fasterxml/classmate/1.5.1/classmate-1.5.1.jar:/home/baden/.m2/repository/net/bytebuddy/byte-buddy/1.14.8/byte-buddy-1.14.8.jar:/home/baden/.m2/repository/org/glassfish/jaxb/jaxb-runtime/4.0.3/jaxb-runtime-4.0.3.jar:/home/baden/.m2/repository/org/glassfish/jaxb/jaxb-core/4.0.3/jaxb-core-4.0.3.jar:/home/baden/.m2/repository/org/eclipse/angus/angus-activation/2.0.1/angus-activation-2.0.1.jar:/home/baden/.m2/repository/org/glassfish/jaxb/txw2/4.0.3/txw2-4.0.3.jar:/home/baden/.m2/repository/com/sun/istack/istack-commons-runtime/4.1.2/istack-commons-runtime-4.1.2.jar:/home/baden/.m2/repository/jakarta/inject/jakarta.inject-api/2.0.1/jakarta.inject-api-2.0.1.jar:/home/baden/.m2/repository/org/antlr/antlr4-runtime/4.10.1/antlr4-runtime-4.10.1.jar:/home/baden/.m2/repository/org/springframework/data/spring-data-jpa/3.1.4/spring-data-jpa-3.1.4.jar:/home/baden/.m2/repository/org/springframework/data/spring-data-commons/3.1.4/spring-data-commons-3.1.4.jar:/home/baden/.m2/repository/org/springframework/spring-orm/6.0.12/spring-orm-6.0.12.jar:/home/baden/.m2/repository/org/springframework/spring-context/6.0.12/spring-context-6.0.12.jar:/home/baden/.m2/repository/org/springframework/spring-tx/6.0.12/spring-tx-6.0.12.jar:/home/baden/.m2/repository/org/springframework/spring-beans/6.0.12/spring-beans-6.0.12.jar:/home/baden/.m2/repository/jakarta/annotation/jakarta.annotation-api/2.1.1/jakarta.annotation-api-2.1.1.jar:/home/baden/.m2/repository/org/slf4j/slf4j-api/2.0.9/slf4j-api-2.0.9.jar:/home/baden/.m2/repository/org/springframework/spring-aspects/6.0.12/spring-aspects-6.0.12.jar:/home/baden/.m2/repository/org/springframework/boot/spring-boot-starter-web/3.1.4/spring-boot-starter-web-3.1.4.jar:/home/baden/.m2/repository/org/springframework/boot/spring-boot-starter/3.1.4/spring-boot-starter-3.1.4.jar:/home/baden/.m2/repository/org/springframework/boot/spring-boot/3.1.4/spring-boot-3.1.4.jar:/home/baden/.m2/repository/org/springframework/boot/spring-boot-autoconfigure/3.1.4/spring-boot-autoconfigure-3.1.4.jar:/home/baden/.m2/repository/org/springframework/boot/spring-boot-starter-logging/3.1.4/spring-boot-starter-logging-3.1.4.jar:/home/baden/.m2/repository/ch/qos/logback/logback-classic/1.4.11/logback-classic-1.4.11.jar:/home/baden/.m2/repository/ch/qos/logback/logback-core/1.4.11/logback-core-1.4.11.jar:/home/baden/.m2/repository/org/apache/logging/log4j/log4j-to-slf4j/2.20.0/log4j-to-slf4j-2.20.0.jar:/home/baden/.m2/repository/org/apache/logging/log4j/log4j-api/2.20.0/log4j-api-2.20.0.jar:/home/baden/.m2/repository/org/slf4j/jul-to-slf4j/2.0.9/jul-to-slf4j-2.0.9.jar:/home/baden/.m2/repository/org/yaml/snakeyaml/1.33/snakeyaml-1.33.jar:/home/baden/.m2/repository/org/springframework/boot/spring-boot-starter-json/3.1.4/spring-boot-starter-json-3.1.4.jar:/home/baden/.m2/repository/com/fasterxml/jackson/core/jackson-databind/2.15.2/jackson-databind-2.15.2.jar:/home/baden/.m2/repository/com/fasterxml/jackson/core/jackson-annotations/2.15.2/jackson-annotations-2.15.2.jar:/home/baden/.m2/repository/com/fasterxml/jackson/core/jackson-core/2.15.2/jackson-core-2.15.2.jar:/home/baden/.m2/repository/com/fasterxml/jackson/datatype/jackson-datatype-jdk8/2.15.2/jackson-datatype-jdk8-2.15.2.jar:/home/baden/.m2/repository/com/fasterxml/jackson/datatype/jackson-datatype-jsr310/2.15.2/jackson-datatype-jsr310-2.15.2.jar:/home/baden/.m2/repository/com/fasterxml/jackson/module/jackson-module-parameter-names/2.15.2/jackson-module-parameter-names-2.15.2.jar:/home/baden/.m2/repository/org/springframework/boot/spring-boot-starter-tomcat/3.1.4/spring-boot-starter-tomcat-3.1.4.jar:/home/baden/.m2/repository/org/apache/tomcat/embed/tomcat-embed-core/10.1.13/tomcat-embed-core-10.1.13.jar:/home/baden/.m2/repository/org/apache/tomcat/embed/tomcat-embed-el/10.1.13/tomcat-embed-el-10.1.13.jar:/home/baden/.m2/repository/org/apache/tomcat/embed/tomcat-embed-websocket/10.1.13/tomcat-embed-websocket-10.1.13.jar:/home/baden/.m2/repository/org/springframework/spring-web/6.0.12/spring-web-6.0.12.jar:/home/baden/.m2/repository/io/micrometer/micrometer-observation/1.11.4/micrometer-observation-1.11.4.jar:/home/baden/.m2/repository/io/micrometer/micrometer-commons/1.11.4/micrometer-commons-1.11.4.jar:/home/baden/.m2/repository/org/springframework/spring-webmvc/6.0.12/spring-webmvc-6.0.12.jar:/home/baden/.m2/repository/org/springframework/spring-expression/6.0.12/spring-expression-6.0.12.jar:/home/baden/.m2/repository/com/mysql/mysql-connector-j/8.0.33/mysql-connector-j-8.0.33.jar:/home/baden/.m2/repository/org/springframework/boot/spring-boot-starter-test/3.1.4/spring-boot-starter-test-3.1.4.jar:/home/baden/.m2/repository/org/springframework/boot/spring-boot-test/3.1.4/spring-boot-test-3.1.4.jar:/home/baden/.m2/repository/org/springframework/boot/spring-boot-test-autoconfigure/3.1.4/spring-boot-test-autoconfigure-3.1.4.jar:/home/baden/.m2/repository/com/jayway/jsonpath/json-path/2.8.0/json-path-2.8.0.jar:/home/baden/.m2/repository/jakarta/xml/bind/jakarta.xml.bind-api/4.0.1/jakarta.xml.bind-api-4.0.1.jar:/home/baden/.m2/repository/jakarta/activation/jakarta.activation-api/2.1.2/jakarta.activation-api-2.1.2.jar:/home/baden/.m2/repository/net/minidev/json-smart/2.4.11/json-smart-2.4.11.jar:/home/baden/.m2/repository/net/minidev/accessors-smart/2.4.11/accessors-smart-2.4.11.jar:/home/baden/.m2/repository/org/ow2/asm/asm/9.3/asm-9.3.jar:/home/baden/.m2/repository/org/assertj/assertj-core/3.24.2/assertj-core-3.24.2.jar:/home/baden/.m2/repository/org/hamcrest/hamcrest/2.2/hamcrest-2.2.jar:/home/baden/.m2/repository/org/junit/jupiter/junit-jupiter/5.9.3/junit-jupiter-5.9.3.jar:/home/baden/.m2/repository/org/junit/jupiter/junit-jupiter-api/5.9.3/junit-jupiter-api-5.9.3.jar:/home/baden/.m2/repository/org/opentest4j/opentest4j/1.2.0/opentest4j-1.2.0.jar:/home/baden/.m2/repository/org/junit/platform/junit-platform-commons/1.9.3/junit-platform-commons-1.9.3.jar:/home/baden/.m2/repository/org/apiguardian/apiguardian-api/1.1.2/apiguardian-api-1.1.2.jar:/home/baden/.m2/repository/org/junit/jupiter/junit-jupiter-params/5.9.3/junit-jupiter-params-5.9.3.jar:/home/baden/.m2/repository/org/junit/jupiter/junit-jupiter-engine/5.9.3/junit-jupiter-engine-5.9.3.jar:/home/baden/.m2/repository/org/junit/platform/junit-platform-engine/1.9.3/junit-platform-engine-1.9.3.jar:/home/baden/.m2/repository/org/mockito/mockito-core/5.3.1/mockito-core-5.3.1.jar:/home/baden/.m2/repository/net/bytebuddy/byte-buddy-agent/1.14.8/byte-buddy-agent-1.14.8.jar:/home/baden/.m2/repository/org/objenesis/objenesis/3.3/objenesis-3.3.jar:/home/baden/.m2/repository/org/mockito/mockito-junit-jupiter/5.3.1/mockito-junit-jupiter-5.3.1.jar:/home/baden/.m2/repository/org/skyscreamer/jsonassert/1.5.1/jsonassert-1.5.1.jar:/home/baden/.m2/repository/com/vaadin/external/google/android-json/0.0.20131108.vaadin1/android-json-0.0.20131108.vaadin1.jar:/home/baden/.m2/repository/org/springframework/spring-core/6.0.12/spring-core-6.0.12.jar:/home/baden/.m2/repository/org/springframework/spring-jcl/6.0.12/spring-jcl-6.0.12.jar:/home/baden/.m2/repository/org/springframework/spring-test/6.0.12/spring-test-6.0.12.jar:/home/baden/.m2/repository/org/xmlunit/xmlunit-core/2.9.1/xmlunit-core-2.9.1.jar:/home/baden/.m2/repository/org/projectlombok/lombok/1.18.30/lombok-1.18.30.jar:/home/baden/.m2/repository/com/opencsv/opencsv/5.8/opencsv-5.8.jar:/home/baden/.m2/repository/org/apache/commons/commons-lang3/3.12.0/commons-lang3-3.12.0.jar:/home/baden/.m2/repository/org/apache/commons/commons-text/1.10.0/commons-text-1.10.0.jar:/home/baden/.m2/repository/commons-beanutils/commons-beanutils/1.9.4/commons-beanutils-1.9.4.jar:/home/baden/.m2/repository/commons-logging/commons-logging/1.2/commons-logging-1.2.jar:/home/baden/.m2/repository/commons-collections/commons-collections/3.2.2/commons-collections-3.2.2.jar:/home/baden/.m2/repository/org/apache/commons/commons-collections4/4.4/commons-collections4-4.4.jar:/home/baden/.m2/repository/com/h2database/h2/2.2.224/h2-2.2.224.jar:"/>
    <property name="sun.cpu.endian" value="little"/>
    <property name="user.home" value="/home/baden"/>
    <property name="user.language" value="en"/>
    <property name="java.specification.vendor" value="Oracle Corporation"/>
    <property name="java.version.date" value="2023-04-18"/>
    <property name="java.home" value="/home/baden/.sdkman/candidates/java/17.0.7-amzn"/>
    <property name="file.separator" value="/"/>
    <property name="basedir" value="/home/baden/Downloads/za-coding-institutions-api"/>
    <property name="java.vm.compressedOopsMode" value="32-bit"/>
    <property name="line.separator" value="&#10;"/>
    <property name="java.vm.specification.vendor" value="Oracle Corporation"/>
    <property name="java.specification.name" value="Java Platform API Specification"/>
    <property name="FILE_LOG_CHARSET" value="UTF-8"/>
    <property name="java.awt.headless" value="true"/>
    <property name="surefire.real.class.path" value="/home/baden/Downloads/za-coding-institutions-api/target/surefire/surefirebooter-20231029235959030_3.jar"/>
    <property name="sun.management.compiler" value="HotSpot 64-Bit Tiered Compilers"/>
    <property name="java.runtime.version" value="17.0.7+7-LTS"/>
    <property name="user.name" value="baden"/>
    <property name="path.separator" value=":"/>
    <property name="os.version" value="6.2.0-35-generic"/>
    <property name="java.runtime.name" value="OpenJDK Runtime Environment"/>
    <property name="file.encoding" value="UTF-8"/>
    <property name="java.vm.name" value="OpenJDK 64-Bit Server VM"/>
    <property name="java.vendor.version" value="Corretto-17.0.7.7.1"/>
    <property name="localRepository" value="/home/baden/.m2/repository"/>
    <property name="java.vendor.url.bug" value="https://github.com/corretto/corretto-17/issues/"/>
    <property name="java.io.tmpdir" value="/tmp"/>
    <property name="catalina.home" value="/tmp/tomcat.0.3291759677941545775"/>
    <property name="com.zaxxer.hikari.pool_number" value="8"/>
    <property name="java.version" value="17.0.7"/>
    <property name="user.dir" value="/home/baden/Downloads/za-coding-institutions-api"/>
    <property name="os.arch" value="amd64"/>
    <property name="java.vm.specification.name" value="Java Virtual Machine Specification"/>
    <property name="PID" value="11757"/>
    <property name="CONSOLE_LOG_CHARSET" value="UTF-8"/>
    <property name="catalina.base" value="/tmp/tomcat.0.4098786027585931673"/>
    <property name="native.encoding" value="UTF-8"/>
    <property name="java.library.path" value="/usr/java/packages/lib:/usr/lib64:/lib64:/lib:/usr/lib"/>
    <property name="java.vm.info" value="mixed mode, sharing"/>
    <property name="java.vendor" value="Amazon.com Inc."/>
    <property name="java.vm.version" value="17.0.7+7-LTS"/>
    <property name="sun.io.unicode.encoding" value="UnicodeLittle"/>
    <property name="java.class.version" value="61.0"/>
  </properties>
  <testcase name="getOne_whenInstitutionExists_shouldReturnInstitution" classname="com.baden.InstitutionApiIntegrationTest$getMethodTests" time="0.043">
    <system-out><![CDATA[2023-10-30T00:00:05.522+02:00  INFO 11757 --- [           main] t.c.s.AnnotationConfigContextLoaderUtils : Could not detect default configuration classes for test class [com.baden.InstitutionApiIntegrationTest$getMethodTests]: getMethodTests does not declare any static, non-private, non-final, nested classes annotated with @Configuration.
2023-10-30T00:00:05.523+02:00  INFO 11757 --- [           main] .b.t.c.SpringBootTestContextBootstrapper : Found @SpringBootConfiguration com.baden.Application for test class com.baden.InstitutionApiIntegrationTest$getMethodTests

  .   ____          _            __ _ _
 /\\ / ___'_ __ _ _(_)_ __  __ _ \ \ \ \
( ( )\___ | '_ | '_| | '_ \/ _` | \ \ \ \
 \\/  ___)| |_)| | | | | || (_| |  ) ) ) )
  '  |____| .__|_| |_|_| |_\__, | / / / /
 =========|_|==============|___/=/_/_/_/
 :: Spring Boot ::                (v3.1.4)

2023-10-30T00:00:05.541+02:00  INFO 11757 --- [           main] c.baden.InstitutionApiIntegrationTest    : Starting InstitutionApiIntegrationTest using Java 17.0.7 with PID 11757 (started by baden in /home/baden/Downloads/za-coding-institutions-api)
2023-10-30T00:00:05.541+02:00  INFO 11757 --- [           main] c.baden.InstitutionApiIntegrationTest    : The following 1 profile is active: "default"
2023-10-30T00:00:05.589+02:00  INFO 11757 --- [           main] .s.d.r.c.RepositoryConfigurationDelegate : Bootstrapping Spring Data JPA repositories in DEFAULT mode.
2023-10-30T00:00:05.592+02:00  INFO 11757 --- [           main] .s.d.r.c.RepositoryConfigurationDelegate : Finished Spring Data repository scanning in 2 ms. Found 1 JPA repository interfaces.
2023-10-30T00:00:05.615+02:00  INFO 11757 --- [           main] o.s.b.w.embedded.tomcat.TomcatWebServer  : Tomcat initialized with port(s): 0 (http)
2023-10-30T00:00:05.616+02:00  INFO 11757 --- [           main] o.apache.catalina.core.StandardService   : Starting service [Tomcat]
2023-10-30T00:00:05.616+02:00  INFO 11757 --- [           main] o.apache.catalina.core.StandardEngine    : Starting Servlet engine: [Apache Tomcat/10.1.13]
2023-10-30T00:00:05.621+02:00  INFO 11757 --- [           main] o.a.c.c.C.[Tomcat].[localhost].[/]       : Initializing Spring embedded WebApplicationContext
2023-10-30T00:00:05.621+02:00  INFO 11757 --- [           main] w.s.c.ServletWebServerApplicationContext : Root WebApplicationContext: initialization completed in 79 ms
2023-10-30T00:00:05.633+02:00  INFO 11757 --- [           main] o.hibernate.jpa.internal.util.LogHelper  : HHH000204: Processing PersistenceUnitInfo [name: default]
2023-10-30T00:00:05.635+02:00  INFO 11757 --- [           main] o.h.b.i.BytecodeProviderInitiator        : HHH000021: Bytecode provider name : bytebuddy
2023-10-30T00:00:05.635+02:00  INFO 11757 --- [           main] o.s.o.j.p.SpringPersistenceUnitInfo      : No LoadTimeWeaver setup: ignoring JPA class transformer
2023-10-30T00:00:05.635+02:00  INFO 11757 --- [           main] com.zaxxer.hikari.HikariDataSource       : HikariPool-5 - Starting...
2023-10-30T00:00:05.646+02:00  INFO 11757 --- [           main] com.zaxxer.hikari.pool.HikariPool        : HikariPool-5 - Added connection com.mysql.cj.jdbc.ConnectionImpl@180b7842
2023-10-30T00:00:05.646+02:00  INFO 11757 --- [           main] com.zaxxer.hikari.HikariDataSource       : HikariPool-5 - Start completed.
2023-10-30T00:00:05.650+02:00  INFO 11757 --- [           main] o.h.b.i.BytecodeProviderInitiator        : HHH000021: Bytecode provider name : bytebuddy
2023-10-30T00:00:05.663+02:00  INFO 11757 --- [           main] o.h.e.t.j.p.i.JtaPlatformInitiator       : HHH000490: Using JtaPlatform implementation: [org.hibernate.engine.transaction.jta.platform.internal.NoJtaPlatform]
2023-10-30T00:00:05.690+02:00  INFO 11757 --- [           main] j.LocalContainerEntityManagerFactoryBean : Initialized JPA EntityManagerFactory for persistence unit 'default'
2023-10-30T00:00:05.706+02:00  WARN 11757 --- [           main] JpaBaseConfiguration$JpaWebConfiguration : spring.jpa.open-in-view is enabled by default. Therefore, database queries may be performed during view rendering. Explicitly configure spring.jpa.open-in-view to disable this warning
2023-10-30T00:00:05.743+02:00  INFO 11757 --- [           main] o.s.b.w.embedded.tomcat.TomcatWebServer  : Tomcat started on port(s): 40377 (http) with context path ''
2023-10-30T00:00:05.745+02:00  INFO 11757 --- [           main] c.baden.InstitutionApiIntegrationTest    : Started InstitutionApiIntegrationTest in 0.219 seconds (process running for 6.684)
2023-10-30T00:00:05.753+02:00  INFO 11757 --- [o-auto-5-exec-1] o.a.c.c.C.[Tomcat].[localhost].[/]       : Initializing Spring DispatcherServlet 'dispatcherServlet'
2023-10-30T00:00:05.753+02:00  INFO 11757 --- [o-auto-5-exec-1] o.s.web.servlet.DispatcherServlet        : Initializing Servlet 'dispatcherServlet'
2023-10-30T00:00:05.754+02:00  INFO 11757 --- [o-auto-5-exec-1] o.s.web.servlet.DispatcherServlet        : Completed initialization in 1 ms
2023-10-30T00:00:05.777+02:00  INFO 11757 --- [           main] o.apache.catalina.core.StandardService   : Stopping service [Tomcat]
2023-10-30T00:00:05.778+02:00  INFO 11757 --- [           main] o.a.c.c.C.[Tomcat].[localhost].[/]       : Destroying Spring FrameworkServlet 'dispatcherServlet'
2023-10-30T00:00:05.780+02:00  INFO 11757 --- [           main] j.LocalContainerEntityManagerFactoryBean : Closing JPA EntityManagerFactory for persistence unit 'default'
2023-10-30T00:00:05.780+02:00  INFO 11757 --- [           main] com.zaxxer.hikari.HikariDataSource       : HikariPool-5 - Shutdown initiated...
2023-10-30T00:00:05.790+02:00  INFO 11757 --- [           main] com.zaxxer.hikari.HikariDataSource       : HikariPool-5 - Shutdown completed.
]]></system-out>
  </testcase>
  <testcase name="getAll_whenDatabaseIsPopulated_shouldReturnListOfInstitutions" classname="com.baden.InstitutionApiIntegrationTest$getMethodTests" time="0.041">
    <system-out><![CDATA[
  .   ____          _            __ _ _
 /\\ / ___'_ __ _ _(_)_ __  __ _ \ \ \ \
( ( )\___ | '_ | '_| | '_ \/ _` | \ \ \ \
 \\/  ___)| |_)| | | | | || (_| |  ) ) ) )
  '  |____| .__|_| |_|_| |_\__, | / / / /
 =========|_|==============|___/=/_/_/_/
 :: Spring Boot ::                (v3.1.4)

2023-10-30T00:00:05.807+02:00  INFO 11757 --- [           main] c.baden.InstitutionApiIntegrationTest    : Starting InstitutionApiIntegrationTest using Java 17.0.7 with PID 11757 (started by baden in /home/baden/Downloads/za-coding-institutions-api)
2023-10-30T00:00:05.807+02:00  INFO 11757 --- [           main] c.baden.InstitutionApiIntegrationTest    : The following 1 profile is active: "default"
2023-10-30T00:00:05.853+02:00  INFO 11757 --- [           main] .s.d.r.c.RepositoryConfigurationDelegate : Bootstrapping Spring Data JPA repositories in DEFAULT mode.
2023-10-30T00:00:05.856+02:00  INFO 11757 --- [           main] .s.d.r.c.RepositoryConfigurationDelegate : Finished Spring Data repository scanning in 2 ms. Found 1 JPA repository interfaces.
2023-10-30T00:00:05.881+02:00  INFO 11757 --- [           main] o.s.b.w.embedded.tomcat.TomcatWebServer  : Tomcat initialized with port(s): 0 (http)
2023-10-30T00:00:05.881+02:00  INFO 11757 --- [           main] o.apache.catalina.core.StandardService   : Starting service [Tomcat]
2023-10-30T00:00:05.882+02:00  INFO 11757 --- [           main] o.apache.catalina.core.StandardEngine    : Starting Servlet engine: [Apache Tomcat/10.1.13]
2023-10-30T00:00:05.887+02:00  INFO 11757 --- [           main] o.a.c.c.C.[Tomcat].[localhost].[/]       : Initializing Spring embedded WebApplicationContext
2023-10-30T00:00:05.888+02:00  INFO 11757 --- [           main] w.s.c.ServletWebServerApplicationContext : Root WebApplicationContext: initialization completed in 79 ms
2023-10-30T00:00:05.902+02:00  INFO 11757 --- [           main] o.hibernate.jpa.internal.util.LogHelper  : HHH000204: Processing PersistenceUnitInfo [name: default]
2023-10-30T00:00:05.903+02:00  INFO 11757 --- [           main] o.h.b.i.BytecodeProviderInitiator        : HHH000021: Bytecode provider name : bytebuddy
2023-10-30T00:00:05.904+02:00  INFO 11757 --- [           main] o.s.o.j.p.SpringPersistenceUnitInfo      : No LoadTimeWeaver setup: ignoring JPA class transformer
2023-10-30T00:00:05.904+02:00  INFO 11757 --- [           main] com.zaxxer.hikari.HikariDataSource       : HikariPool-6 - Starting...
2023-10-30T00:00:05.913+02:00  INFO 11757 --- [           main] com.zaxxer.hikari.pool.HikariPool        : HikariPool-6 - Added connection com.mysql.cj.jdbc.ConnectionImpl@5bf9924a
2023-10-30T00:00:05.914+02:00  INFO 11757 --- [           main] com.zaxxer.hikari.HikariDataSource       : HikariPool-6 - Start completed.
2023-10-30T00:00:05.917+02:00  INFO 11757 --- [           main] o.h.b.i.BytecodeProviderInitiator        : HHH000021: Bytecode provider name : bytebuddy
2023-10-30T00:00:05.926+02:00  INFO 11757 --- [           main] o.h.e.t.j.p.i.JtaPlatformInitiator       : HHH000490: Using JtaPlatform implementation: [org.hibernate.engine.transaction.jta.platform.internal.NoJtaPlatform]
2023-10-30T00:00:06.005+02:00  INFO 11757 --- [           main] j.LocalContainerEntityManagerFactoryBean : Initialized JPA EntityManagerFactory for persistence unit 'default'
2023-10-30T00:00:06.022+02:00  WARN 11757 --- [           main] JpaBaseConfiguration$JpaWebConfiguration : spring.jpa.open-in-view is enabled by default. Therefore, database queries may be performed during view rendering. Explicitly configure spring.jpa.open-in-view to disable this warning
2023-10-30T00:00:06.063+02:00  INFO 11757 --- [           main] o.s.b.w.embedded.tomcat.TomcatWebServer  : Tomcat started on port(s): 42743 (http) with context path ''
2023-10-30T00:00:06.065+02:00  INFO 11757 --- [           main] c.baden.InstitutionApiIntegrationTest    : Started InstitutionApiIntegrationTest in 0.273 seconds (process running for 7.004)
2023-10-30T00:00:06.073+02:00  INFO 11757 --- [o-auto-6-exec-1] o.a.c.c.C.[Tomcat].[localhost].[/]       : Initializing Spring DispatcherServlet 'dispatcherServlet'
2023-10-30T00:00:06.073+02:00  INFO 11757 --- [o-auto-6-exec-1] o.s.web.servlet.DispatcherServlet        : Initializing Servlet 'dispatcherServlet'
2023-10-30T00:00:06.073+02:00  INFO 11757 --- [o-auto-6-exec-1] o.s.web.servlet.DispatcherServlet        : Completed initialization in 0 ms
2023-10-30T00:00:06.102+02:00  INFO 11757 --- [           main] o.apache.catalina.core.StandardService   : Stopping service [Tomcat]
2023-10-30T00:00:06.103+02:00  INFO 11757 --- [           main] o.a.c.c.C.[Tomcat].[localhost].[/]       : Destroying Spring FrameworkServlet 'dispatcherServlet'
2023-10-30T00:00:06.105+02:00  INFO 11757 --- [           main] j.LocalContainerEntityManagerFactoryBean : Closing JPA EntityManagerFactory for persistence unit 'default'
2023-10-30T00:00:06.105+02:00  INFO 11757 --- [           main] com.zaxxer.hikari.HikariDataSource       : HikariPool-6 - Shutdown initiated...
2023-10-30T00:00:06.109+02:00  INFO 11757 --- [           main] com.zaxxer.hikari.HikariDataSource       : HikariPool-6 - Shutdown completed.
]]></system-out>
  </testcase>
  <testcase name="getAll_whenDatabaseIsEmpty_shouldReturnEmptyList" classname="com.baden.InstitutionApiIntegrationTest$getMethodTests" time="0.025">
    <system-out><![CDATA[
  .   ____          _            __ _ _
 /\\ / ___'_ __ _ _(_)_ __  __ _ \ \ \ \
( ( )\___ | '_ | '_| | '_ \/ _` | \ \ \ \
 \\/  ___)| |_)| | | | | || (_| |  ) ) ) )
  '  |____| .__|_| |_|_| |_\__, | / / / /
 =========|_|==============|___/=/_/_/_/
 :: Spring Boot ::                (v3.1.4)

2023-10-30T00:00:06.118+02:00  INFO 11757 --- [           main] c.baden.InstitutionApiIntegrationTest    : Starting InstitutionApiIntegrationTest using Java 17.0.7 with PID 11757 (started by baden in /home/baden/Downloads/za-coding-institutions-api)
2023-10-30T00:00:06.118+02:00  INFO 11757 --- [           main] c.baden.InstitutionApiIntegrationTest    : The following 1 profile is active: "default"
2023-10-30T00:00:06.182+02:00  INFO 11757 --- [           main] .s.d.r.c.RepositoryConfigurationDelegate : Bootstrapping Spring Data JPA repositories in DEFAULT mode.
2023-10-30T00:00:06.185+02:00  INFO 11757 --- [           main] .s.d.r.c.RepositoryConfigurationDelegate : Finished Spring Data repository scanning in 2 ms. Found 1 JPA repository interfaces.
2023-10-30T00:00:06.210+02:00  INFO 11757 --- [           main] o.s.b.w.embedded.tomcat.TomcatWebServer  : Tomcat initialized with port(s): 0 (http)
2023-10-30T00:00:06.210+02:00  INFO 11757 --- [           main] o.apache.catalina.core.StandardService   : Starting service [Tomcat]
2023-10-30T00:00:06.210+02:00  INFO 11757 --- [           main] o.apache.catalina.core.StandardEngine    : Starting Servlet engine: [Apache Tomcat/10.1.13]
2023-10-30T00:00:06.215+02:00  INFO 11757 --- [           main] o.a.c.c.C.[Tomcat].[localhost].[/]       : Initializing Spring embedded WebApplicationContext
2023-10-30T00:00:06.215+02:00  INFO 11757 --- [           main] w.s.c.ServletWebServerApplicationContext : Root WebApplicationContext: initialization completed in 96 ms
2023-10-30T00:00:06.232+02:00  INFO 11757 --- [           main] o.hibernate.jpa.internal.util.LogHelper  : HHH000204: Processing PersistenceUnitInfo [name: default]
2023-10-30T00:00:06.234+02:00  INFO 11757 --- [           main] o.h.b.i.BytecodeProviderInitiator        : HHH000021: Bytecode provider name : bytebuddy
2023-10-30T00:00:06.234+02:00  INFO 11757 --- [           main] o.s.o.j.p.SpringPersistenceUnitInfo      : No LoadTimeWeaver setup: ignoring JPA class transformer
2023-10-30T00:00:06.234+02:00  INFO 11757 --- [           main] com.zaxxer.hikari.HikariDataSource       : HikariPool-7 - Starting...
2023-10-30T00:00:06.250+02:00  INFO 11757 --- [           main] com.zaxxer.hikari.pool.HikariPool        : HikariPool-7 - Added connection com.mysql.cj.jdbc.ConnectionImpl@4692047b
2023-10-30T00:00:06.250+02:00  INFO 11757 --- [           main] com.zaxxer.hikari.HikariDataSource       : HikariPool-7 - Start completed.
2023-10-30T00:00:06.254+02:00  INFO 11757 --- [           main] o.h.b.i.BytecodeProviderInitiator        : HHH000021: Bytecode provider name : bytebuddy
2023-10-30T00:00:06.263+02:00  INFO 11757 --- [           main] o.h.e.t.j.p.i.JtaPlatformInitiator       : HHH000490: Using JtaPlatform implementation: [org.hibernate.engine.transaction.jta.platform.internal.NoJtaPlatform]
2023-10-30T00:00:06.292+02:00  INFO 11757 --- [           main] j.LocalContainerEntityManagerFactoryBean : Initialized JPA EntityManagerFactory for persistence unit 'default'
2023-10-30T00:00:06.309+02:00  WARN 11757 --- [           main] JpaBaseConfiguration$JpaWebConfiguration : spring.jpa.open-in-view is enabled by default. Therefore, database queries may be performed during view rendering. Explicitly configure spring.jpa.open-in-view to disable this warning
2023-10-30T00:00:06.346+02:00  INFO 11757 --- [           main] o.s.b.w.embedded.tomcat.TomcatWebServer  : Tomcat started on port(s): 37035 (http) with context path ''
2023-10-30T00:00:06.348+02:00  INFO 11757 --- [           main] c.baden.InstitutionApiIntegrationTest    : Started InstitutionApiIntegrationTest in 0.237 seconds (process running for 7.287)
2023-10-30T00:00:06.352+02:00  INFO 11757 --- [o-auto-7-exec-1] o.a.c.c.C.[Tomcat].[localhost].[/]       : Initializing Spring DispatcherServlet 'dispatcherServlet'
2023-10-30T00:00:06.352+02:00  INFO 11757 --- [o-auto-7-exec-1] o.s.web.servlet.DispatcherServlet        : Initializing Servlet 'dispatcherServlet'
2023-10-30T00:00:06.352+02:00  INFO 11757 --- [o-auto-7-exec-1] o.s.web.servlet.DispatcherServlet        : Completed initialization in 0 ms
2023-10-30T00:00:06.361+02:00  INFO 11757 --- [           main] o.apache.catalina.core.StandardService   : Stopping service [Tomcat]
2023-10-30T00:00:06.361+02:00  INFO 11757 --- [           main] o.a.c.c.C.[Tomcat].[localhost].[/]       : Destroying Spring FrameworkServlet 'dispatcherServlet'
2023-10-30T00:00:06.364+02:00  INFO 11757 --- [           main] j.LocalContainerEntityManagerFactoryBean : Closing JPA EntityManagerFactory for persistence unit 'default'
2023-10-30T00:00:06.365+02:00  INFO 11757 --- [           main] com.zaxxer.hikari.HikariDataSource       : HikariPool-7 - Shutdown initiated...
2023-10-30T00:00:06.373+02:00  INFO 11757 --- [           main] com.zaxxer.hikari.HikariDataSource       : HikariPool-7 - Shutdown completed.
]]></system-out>
  </testcase>
  <testcase name="getOne_whenInstitutionNotFound_shouldReturnErrorResponse" classname="com.baden.InstitutionApiIntegrationTest$getMethodTests" time="0.031">
    <system-out><![CDATA[
  .   ____          _            __ _ _
 /\\ / ___'_ __ _ _(_)_ __  __ _ \ \ \ \
( ( )\___ | '_ | '_| | '_ \/ _` | \ \ \ \
 \\/  ___)| |_)| | | | | || (_| |  ) ) ) )
  '  |____| .__|_| |_|_| |_\__, | / / / /
 =========|_|==============|___/=/_/_/_/
 :: Spring Boot ::                (v3.1.4)

2023-10-30T00:00:06.390+02:00  INFO 11757 --- [           main] c.baden.InstitutionApiIntegrationTest    : Starting InstitutionApiIntegrationTest using Java 17.0.7 with PID 11757 (started by baden in /home/baden/Downloads/za-coding-institutions-api)
2023-10-30T00:00:06.390+02:00  INFO 11757 --- [           main] c.baden.InstitutionApiIntegrationTest    : The following 1 profile is active: "default"
2023-10-30T00:00:06.435+02:00  INFO 11757 --- [           main] .s.d.r.c.RepositoryConfigurationDelegate : Bootstrapping Spring Data JPA repositories in DEFAULT mode.
2023-10-30T00:00:06.439+02:00  INFO 11757 --- [           main] .s.d.r.c.RepositoryConfigurationDelegate : Finished Spring Data repository scanning in 3 ms. Found 1 JPA repository interfaces.
2023-10-30T00:00:06.463+02:00  INFO 11757 --- [           main] o.s.b.w.embedded.tomcat.TomcatWebServer  : Tomcat initialized with port(s): 0 (http)
2023-10-30T00:00:06.463+02:00  INFO 11757 --- [           main] o.apache.catalina.core.StandardService   : Starting service [Tomcat]
2023-10-30T00:00:06.464+02:00  INFO 11757 --- [           main] o.apache.catalina.core.StandardEngine    : Starting Servlet engine: [Apache Tomcat/10.1.13]
2023-10-30T00:00:06.468+02:00  INFO 11757 --- [           main] o.a.c.c.C.[Tomcat].[localhost].[/]       : Initializing Spring embedded WebApplicationContext
2023-10-30T00:00:06.469+02:00  INFO 11757 --- [           main] w.s.c.ServletWebServerApplicationContext : Root WebApplicationContext: initialization completed in 78 ms
2023-10-30T00:00:06.482+02:00  INFO 11757 --- [           main] o.hibernate.jpa.internal.util.LogHelper  : HHH000204: Processing PersistenceUnitInfo [name: default]
2023-10-30T00:00:06.484+02:00  INFO 11757 --- [           main] o.h.b.i.BytecodeProviderInitiator        : HHH000021: Bytecode provider name : bytebuddy
2023-10-30T00:00:06.484+02:00  INFO 11757 --- [           main] o.s.o.j.p.SpringPersistenceUnitInfo      : No LoadTimeWeaver setup: ignoring JPA class transformer
2023-10-30T00:00:06.484+02:00  INFO 11757 --- [           main] com.zaxxer.hikari.HikariDataSource       : HikariPool-8 - Starting...
2023-10-30T00:00:06.494+02:00  INFO 11757 --- [           main] com.zaxxer.hikari.pool.HikariPool        : HikariPool-8 - Added connection com.mysql.cj.jdbc.ConnectionImpl@4a61254b
2023-10-30T00:00:06.494+02:00  INFO 11757 --- [           main] com.zaxxer.hikari.HikariDataSource       : HikariPool-8 - Start completed.
2023-10-30T00:00:06.498+02:00  INFO 11757 --- [           main] o.h.b.i.BytecodeProviderInitiator        : HHH000021: Bytecode provider name : bytebuddy
2023-10-30T00:00:06.505+02:00  INFO 11757 --- [           main] o.h.e.t.j.p.i.JtaPlatformInitiator       : HHH000490: Using JtaPlatform implementation: [org.hibernate.engine.transaction.jta.platform.internal.NoJtaPlatform]
2023-10-30T00:00:06.531+02:00  INFO 11757 --- [           main] j.LocalContainerEntityManagerFactoryBean : Initialized JPA EntityManagerFactory for persistence unit 'default'
2023-10-30T00:00:06.547+02:00  WARN 11757 --- [           main] JpaBaseConfiguration$JpaWebConfiguration : spring.jpa.open-in-view is enabled by default. Therefore, database queries may be performed during view rendering. Explicitly configure spring.jpa.open-in-view to disable this warning
2023-10-30T00:00:06.585+02:00  INFO 11757 --- [           main] o.s.b.w.embedded.tomcat.TomcatWebServer  : Tomcat started on port(s): 46859 (http) with context path ''
2023-10-30T00:00:06.588+02:00  INFO 11757 --- [           main] c.baden.InstitutionApiIntegrationTest    : Started InstitutionApiIntegrationTest in 0.212 seconds (process running for 7.527)
2023-10-30T00:00:06.595+02:00  INFO 11757 --- [o-auto-8-exec-1] o.a.c.c.C.[Tomcat].[localhost].[/]       : Initializing Spring DispatcherServlet 'dispatcherServlet'
2023-10-30T00:00:06.595+02:00  INFO 11757 --- [o-auto-8-exec-1] o.s.web.servlet.DispatcherServlet        : Initializing Servlet 'dispatcherServlet'
2023-10-30T00:00:06.595+02:00  INFO 11757 --- [o-auto-8-exec-1] o.s.web.servlet.DispatcherServlet        : Completed initialization in 0 ms
2023-10-30T00:00:06.607+02:00  INFO 11757 --- [           main] o.apache.catalina.core.StandardService   : Stopping service [Tomcat]
2023-10-30T00:00:06.608+02:00  INFO 11757 --- [           main] o.a.c.c.C.[Tomcat].[localhost].[/]       : Destroying Spring FrameworkServlet 'dispatcherServlet'
2023-10-30T00:00:06.611+02:00  INFO 11757 --- [           main] j.LocalContainerEntityManagerFactoryBean : Closing JPA EntityManagerFactory for persistence unit 'default'
2023-10-30T00:00:06.611+02:00  INFO 11757 --- [           main] com.zaxxer.hikari.HikariDataSource       : HikariPool-8 - Shutdown initiated...
2023-10-30T00:00:06.620+02:00  INFO 11757 --- [           main] com.zaxxer.hikari.HikariDataSource       : HikariPool-8 - Shutdown completed.
]]></system-out>
  </testcase>
</testsuite>